# JRE version: OpenJDK Runtime Environment (8.0_342-b07) (build 1.8.0_342-b07)
# Java VM: OpenJDK 64-Bit Server VM (25.342-b07 mixed mode windows-amd64 compressed oops)
Heap:
 PSYoungGen      total 280576K, used 147820K [0x00000000e0000000, 0x00000000f6500000, 0x0000000100000000)
  eden space 253952K, 47% used [0x00000000e0000000,0x00000000e76614c0,0x00000000ef800000)
  from space 26624K, 99% used [0x00000000ef800000,0x00000000f11f9c90,0x00000000f1200000)
  to   space 30208K, 0% used [0x00000000f4780000,0x00000000f4780000,0x00000000f6500000)
 ParOldGen       total 380416K, used 38107K [0x00000000a0000000, 0x00000000b7380000, 0x00000000e0000000)
  object space 380416K, 10% used [0x00000000a0000000,0x00000000a2536c30,0x00000000b7380000)
 Metaspace       used 70466K, capacity 73628K, committed 74008K, reserved 1112064K
  class space    used 9796K, capacity 10410K, committed 10536K, reserved 1048576K
GC Heap History (10 events):
Event: 16.773 GC heap before
{Heap before GC invocations=8 (full 2):
 PSYoungGen      total 153088K, used 140353K [0x00000000e0000000, 0x00000000ed580000, 0x0000000100000000)
  eden space 131584K, 100% used [0x00000000e0000000,0x00000000e8080000,0x00000000e8080000)
  from space 21504K, 40% used [0x00000000e8080000,0x00000000e8910410,0x00000000e9580000)
  to   space 16896K, 0% used [0x00000000ec500000,0x00000000ec500000,0x00000000ed580000)
 ParOldGen       total 267264K, used 15068K [0x00000000a0000000, 0x00000000b0500000, 0x00000000e0000000)
  object space 267264K, 5% used [0x00000000a0000000,0x00000000a0eb7240,0x00000000b0500000)
 Metaspace       used 50840K, capacity 53064K, committed 53288K, reserved 1095680K
  class space    used 6980K, capacity 7417K, committed 7464K, reserved 1048576K
Event: 16.786 GC heap after
Heap after GC invocations=8 (full 2):
 PSYoungGen      total 196608K, used 16888K [0x00000000e0000000, 0x00000000ee080000, 0x0000000100000000)
  eden space 179712K, 0% used [0x00000000e0000000,0x00000000e0000000,0x00000000eaf80000)
  from space 16896K, 99% used [0x00000000ec500000,0x00000000ed57e168,0x00000000ed580000)
  to   space 22016K, 0% used [0x00000000eaf80000,0x00000000eaf80000,0x00000000ec500000)
 ParOldGen       total 267264K, used 19940K [0x00000000a0000000, 0x00000000b0500000, 0x00000000e0000000)
  object space 267264K, 7% used [0x00000000a0000000,0x00000000a13792e8,0x00000000b0500000)
 Metaspace       used 50840K, capacity 53064K, committed 53288K, reserved 1095680K
  class space    used 6980K, capacity 7417K, committed 7464K, reserved 1048576K
}
Event: 17.608 GC heap before
{Heap before GC invocations=9 (full 2):
 PSYoungGen      total 196608K, used 122412K [0x00000000e0000000, 0x00000000ee080000, 0x0000000100000000)
  eden space 179712K, 58% used [0x00000000e0000000,0x00000000e670d028,0x00000000eaf80000)
  from space 16896K, 99% used [0x00000000ec500000,0x00000000ed57e168,0x00000000ed580000)
  to   space 22016K, 0% used [0x00000000eaf80000,0x00000000eaf80000,0x00000000ec500000)
 ParOldGen       total 267264K, used 19940K [0x00000000a0000000, 0x00000000b0500000, 0x00000000e0000000)
  object space 267264K, 7% used [0x00000000a0000000,0x00000000a13792e8,0x00000000b0500000)
 Metaspace       used 56729K, capacity 59064K, committed 59160K, reserved 1099776K
  class space    used 7969K, capacity 8461K, committed 8488K, reserved 1048576K
Event: 17.624 GC heap after
Heap after GC invocations=9 (full 2):
 PSYoungGen      total 201728K, used 22006K [0x00000000e0000000, 0x00000000f3500000, 0x0000000100000000)
  eden space 179712K, 0% used [0x00000000e0000000,0x00000000e0000000,0x00000000eaf80000)
  from space 22016K, 99% used [0x00000000eaf80000,0x00000000ec4fdb60,0x00000000ec500000)
  to   space 26624K, 0% used [0x00000000f1b00000,0x00000000f1b00000,0x00000000f3500000)
 ParOldGen       total 267264K, used 22842K [0x00000000a0000000, 0x00000000b0500000, 0x00000000e0000000)
  object space 267264K, 8% used [0x00000000a0000000,0x00000000a164e968,0x00000000b0500000)
 Metaspace       used 56729K, capacity 59064K, committed 59160K, reserved 1099776K
  class space    used 7969K, capacity 8461K, committed 8488K, reserved 1048576K
}
Event: 17.624 GC heap before
{Heap before GC invocations=10 (full 3):
 PSYoungGen      total 201728K, used 22006K [0x00000000e0000000, 0x00000000f3500000, 0x0000000100000000)
  eden space 179712K, 0% used [0x00000000e0000000,0x00000000e0000000,0x00000000eaf80000)
  from space 22016K, 99% used [0x00000000eaf80000,0x00000000ec4fdb60,0x00000000ec500000)
  to   space 26624K, 0% used [0x00000000f1b00000,0x00000000f1b00000,0x00000000f3500000)
 ParOldGen       total 267264K, used 22842K [0x00000000a0000000, 0x00000000b0500000, 0x00000000e0000000)
  object space 267264K, 8% used [0x00000000a0000000,0x00000000a164e968,0x00000000b0500000)
 Metaspace       used 56729K, capacity 59064K, committed 59160K, reserved 1099776K
  class space    used 7969K, capacity 8461K, committed 8488K, reserved 1048576K
Event: 17.770 GC heap after
Heap after GC invocations=10 (full 3):
 PSYoungGen      total 201728K, used 0K [0x00000000e0000000, 0x00000000f3500000, 0x0000000100000000)
  eden space 179712K, 0% used [0x00000000e0000000,0x00000000e0000000,0x00000000eaf80000)
  from space 22016K, 0% used [0x00000000eaf80000,0x00000000eaf80000,0x00000000ec500000)
  to   space 26624K, 0% used [0x00000000f1b00000,0x00000000f1b00000,0x00000000f3500000)
 ParOldGen       total 380416K, used 37859K [0x00000000a0000000, 0x00000000b7380000, 0x00000000e0000000)
  object space 380416K, 9% used [0x00000000a0000000,0x00000000a24f8cd8,0x00000000b7380000)
 Metaspace       used 56657K, capacity 58824K, committed 59160K, reserved 1099776K
  class space    used 7947K, capacity 8421K, committed 8488K, reserved 1048576K
}
Event: 19.718 GC heap before
{Heap before GC invocations=11 (full 3):
 PSYoungGen      total 201728K, used 179712K [0x00000000e0000000, 0x00000000f3500000, 0x0000000100000000)
  eden space 179712K, 100% used [0x00000000e0000000,0x00000000eaf80000,0x00000000eaf80000)
  from space 22016K, 0% used [0x00000000eaf80000,0x00000000eaf80000,0x00000000ec500000)
  to   space 26624K, 0% used [0x00000000f1b00000,0x00000000f1b00000,0x00000000f3500000)
 ParOldGen       total 380416K, used 37859K [0x00000000a0000000, 0x00000000b7380000, 0x00000000e0000000)
  object space 380416K, 9% used [0x00000000a0000000,0x00000000a24f8cd8,0x00000000b7380000)
 Metaspace       used 67043K, capacity 69828K, committed 69912K, reserved 1110016K
  class space    used 9431K, capacity 9982K, committed 10024K, reserved 1048576K
Event: 19.730 GC heap after
Heap after GC invocations=11 (full 3):
 PSYoungGen      total 268288K, used 17083K [0x00000000e0000000, 0x00000000f2c00000, 0x0000000100000000)
  eden space 250880K, 0% used [0x00000000e0000000,0x00000000e0000000,0x00000000ef500000)
  from space 17408K, 98% used [0x00000000f1b00000,0x00000000f2baed48,0x00000000f2c00000)
  to   space 26624K, 0% used [0x00000000ef800000,0x00000000ef800000,0x00000000f1200000)
 ParOldGen       total 380416K, used 37931K [0x00000000a0000000, 0x00000000b7380000, 0x00000000e0000000)
  object space 380416K, 9% used [0x00000000a0000000,0x00000000a250ace8,0x00000000b7380000)
 Metaspace       used 67043K, capacity 69828K, committed 69912K, reserved 1110016K
  class space    used 9431K, capacity 9982K, committed 10024K, reserved 1048576K
}
Event: 23.001 GC heap before
{Heap before GC invocations=12 (full 3):
 PSYoungGen      total 268288K, used 267963K [0x00000000e0000000, 0x00000000f2c00000, 0x0000000100000000)
  eden space 250880K, 100% used [0x00000000e0000000,0x00000000ef500000,0x00000000ef500000)
  from space 17408K, 98% used [0x00000000f1b00000,0x00000000f2baed48,0x00000000f2c00000)
  to   space 26624K, 0% used [0x00000000ef800000,0x00000000ef800000,0x00000000f1200000)
 ParOldGen       total 380416K, used 37931K [0x00000000a0000000, 0x00000000b7380000, 0x00000000e0000000)
  object space 380416K, 9% used [0x00000000a0000000,0x00000000a250ace8,0x00000000b7380000)
 Metaspace       used 70017K, capacity 73204K, committed 73368K, reserved 1112064K
  class space    used 9758K, capacity 10376K, committed 10408K, reserved 1048576K
Event: 23.016 GC heap after
Heap after GC invocations=12 (full 3):
 PSYoungGen      total 280576K, used 26599K [0x00000000e0000000, 0x00000000f6500000, 0x0000000100000000)
  eden space 253952K, 0% used [0x00000000e0000000,0x00000000e0000000,0x00000000ef800000)
  from space 26624K, 99% used [0x00000000ef800000,0x00000000f11f9c90,0x00000000f1200000)
  to   space 30208K, 0% used [0x00000000f4780000,0x00000000f4780000,0x00000000f6500000)
 ParOldGen       total 380416K, used 38107K [0x00000000a0000000, 0x00000000b7380000, 0x00000000e0000000)
  object space 380416K, 10% used [0x00000000a0000000,0x00000000a2536c30,0x00000000b7380000)
 Metaspace       used 70017K, capacity 73204K, committed 73368K, reserved 1112064K
  class space    used 9758K, capacity 10376K, committed 10408K, reserved 1048576K
}

